[{"line":1,"elements":[{"line":3,"name":"","description":"","type":"background","keyword":"Background","steps":[{"result":{"duration":13675219400,"status":"passed"},"line":4,"name":"I open the e-commerce site","match":{"location":"metro.assessment.steps.LoadWebsite.openWebsite()"},"keyword":"Given "}]},{"start_timestamp":"2022-11-22T11:24:44.066Z","line":7,"name":"Test","description":"","id":"add-to-cart-functionality;test","after":[{"result":{"duration":314205500,"status":"passed"},"match":{"location":"metro.assessment.utils.BrowserHandler.tearDown()"}}],"type":"scenario","keyword":"Scenario","steps":[{"result":{"duration":2573922500,"status":"passed"},"line":8,"name":"I see landing page for e-commerce site","match":{"location":"metro.assessment.steps.LandingPageSteps.checkLandingPage()"},"keyword":"Then "},{"result":{"duration":3795932700,"status":"passed"},"line":9,"name":"I search for ASUS","match":{"arguments":[{"val":"ASUS","offset":13}],"location":"metro.assessment.steps.LandingPageSteps.searchForText(java.lang.String)"},"keyword":"When "},{"result":{"duration":435887600,"status":"passed"},"line":10,"name":"I see results page","match":{"location":"metro.assessment.steps.SearchResultsPage.checkResultsPage()"},"keyword":"Then "},{"result":{"duration":2397242000,"status":"passed"},"line":11,"name":"I add first 2 items on the cart","match":{"arguments":[{"val":"2","offset":12}],"location":"metro.assessment.steps.SearchResultsPage.checkResultsPage(java.lang.String)"},"keyword":"When "},{"result":{"duration":1368756900,"status":"passed"},"line":12,"name":"click to MY_CART page","match":{"arguments":[{"val":"MY_CART","offset":9}],"location":"metro.assessment.steps.LandingPageSteps.clickOnMenu(metro.assessment.pageobjects.NavigationBarElements)"},"keyword":"And "},{"result":{"error_message":"org.openqa.selenium.TimeoutException: Expected condition failed: waiting for visibility of Proxy element for: MyCartPO.myCartPageName (tried for 30 second(s) with 5000 milliseconds interval)\r\n\tat org.openqa.selenium.support.ui.FluentWait.timeoutException(FluentWait.java:263)\r\n\tat org.openqa.selenium.support.ui.FluentWait.until(FluentWait.java:231)\r\n\tat metro.assessment.utils.WebElementsChecker.waitWebElementBeVisible(WebElementsChecker.java:25)\r\n\tat metro.assessment.utils.WebElementsChecker.lambda$checkPresenceOfWebElementsFromList$0(WebElementsChecker.java:31)\r\n\tat java.base/java.util.Arrays$ArrayList.forEach(Arrays.java:4204)\r\n\tat metro.assessment.utils.WebElementsChecker.checkPresenceOfWebElementsFromList(WebElementsChecker.java:29)\r\n\tat metro.assessment.pageobjects.MyCartPO.checkMyCart(MyCartPO.java:39)\r\n\tat metro.assessment.steps.MyCartSteps.clickOnMenu(MyCartSteps.java:14)\r\n\tat âœ½.I see my selected items(file:///C:/Users/CITL/IdeaProjects/metro_assessment/src/test/java/metro/assessment/cucumber/features/orderProducts.feature:13)\r\nCaused by: org.openqa.selenium.NoSuchElementException: Timed out after 2 seconds. Element not found\nFor documentation on this error, please visit: https://selenium.dev/exceptions/#no_such_element\nBuild info: version: '4.6.0', revision: '79f1c02ae20'\nSystem info: os.name: 'Windows 10', os.arch: 'amd64', os.version: '10.0', java.version: '17.0.2'\nDriver info: driver.version: unknown\r\n\tat net.thucydides.core.annotations.locators.SmartAjaxElementLocator.ajaxFindElement(SmartAjaxElementLocator.java:164)\r\n\tat net.thucydides.core.annotations.locators.SmartAjaxElementLocator.findElement(SmartAjaxElementLocator.java:116)\r\n\tat org.openqa.selenium.support.pagefactory.internal.LocatingElementHandler.invoke(LocatingElementHandler.java:39)\r\n\tat jdk.proxy2/jdk.proxy2.$Proxy88.isDisplayed(Unknown Source)\r\n\tat org.openqa.selenium.support.ui.ExpectedConditions.elementIfVisible(ExpectedConditions.java:307)\r\n\tat org.openqa.selenium.support.ui.ExpectedConditions.access$000(ExpectedConditions.java:40)\r\n\tat org.openqa.selenium.support.ui.ExpectedConditions$10.apply(ExpectedConditions.java:293)\r\n\tat org.openqa.selenium.support.ui.ExpectedConditions$10.apply(ExpectedConditions.java:290)\r\n\tat org.openqa.selenium.support.ui.FluentWait.until(FluentWait.java:208)\r\n\tat metro.assessment.utils.WebElementsChecker.waitWebElementBeVisible(WebElementsChecker.java:25)\r\n\tat metro.assessment.utils.WebElementsChecker.lambda$checkPresenceOfWebElementsFromList$0(WebElementsChecker.java:31)\r\n\tat java.base/java.util.Arrays$ArrayList.forEach(Arrays.java:4204)\r\n\tat metro.assessment.utils.WebElementsChecker.checkPresenceOfWebElementsFromList(WebElementsChecker.java:29)\r\n\tat metro.assessment.pageobjects.MyCartPO.checkMyCart(MyCartPO.java:39)\r\n\tat metro.assessment.steps.MyCartSteps.clickOnMenu(MyCartSteps.java:14)\r\n\tat java.base/jdk.internal.reflect.NativeMethodAccessorImpl.invoke0(Native Method)\r\n\tat java.base/jdk.internal.reflect.NativeMethodAccessorImpl.invoke(NativeMethodAccessorImpl.java:77)\r\n\tat java.base/jdk.internal.reflect.DelegatingMethodAccessorImpl.invoke(DelegatingMethodAccessorImpl.java:43)\r\n\tat java.base/java.lang.reflect.Method.invoke(Method.java:568)\r\n\tat io.cucumber.java.Invoker.doInvoke(Invoker.java:66)\r\n\tat io.cucumber.java.Invoker.invoke(Invoker.java:24)\r\n\tat io.cucumber.java.AbstractGlueDefinition.invokeMethod(AbstractGlueDefinition.java:47)\r\n\tat io.cucumber.java.JavaStepDefinition.execute(JavaStepDefinition.java:29)\r\n\tat io.cucumber.core.runner.CoreStepDefinition.execute(CoreStepDefinition.java:66)\r\n\tat io.cucumber.core.runner.PickleStepDefinitionMatch.runStep(PickleStepDefinitionMatch.java:63)\r\n\tat io.cucumber.core.runner.ExecutionMode$1.execute(ExecutionMode.java:10)\r\n\tat io.cucumber.core.runner.TestStep.executeStep(TestStep.java:85)\r\n\tat io.cucumber.core.runner.TestStep.run(TestStep.java:57)\r\n\tat io.cucumber.core.runner.PickleStepTestStep.run(PickleStepTestStep.java:51)\r\n\tat io.cucumber.core.runner.TestCase.run(TestCase.java:84)\r\n\tat io.cucumber.core.runner.Runner.runPickle(Runner.java:75)\r\n\tat io.cucumber.junit.PickleRunners$NoStepDescriptions.lambda$run$0(PickleRunners.java:151)\r\n\tat io.cucumber.core.runtime.CucumberExecutionContext.lambda$runTestCase$5(CucumberExecutionContext.java:129)\r\n\tat io.cucumber.core.runtime.RethrowingThrowableCollector.executeAndThrow(RethrowingThrowableCollector.java:23)\r\n\tat io.cucumber.core.runtime.CucumberExecutionContext.runTestCase(CucumberExecutionContext.java:129)\r\n\tat io.cucumber.junit.PickleRunners$NoStepDescriptions.run(PickleRunners.java:148)\r\n\tat io.cucumber.junit.FeatureRunner.runChild(FeatureRunner.java:144)\r\n\tat io.cucumber.junit.FeatureRunner.runChild(FeatureRunner.java:28)\r\n\tat org.junit.runners.ParentRunner$4.run(ParentRunner.java:331)\r\n\tat org.junit.runners.ParentRunner$1.schedule(ParentRunner.java:79)\r\n\tat org.junit.runners.ParentRunner.runChildren(ParentRunner.java:329)\r\n\tat org.junit.runners.ParentRunner.access$100(ParentRunner.java:66)\r\n\tat org.junit.runners.ParentRunner$2.evaluate(ParentRunner.java:293)\r\n\tat org.junit.runners.ParentRunner$3.evaluate(ParentRunner.java:306)\r\n\tat org.junit.runners.ParentRunner.run(ParentRunner.java:413)\r\n\tat io.cucumber.junit.FeatureRunner.run(FeatureRunner.java:137)\r\n\tat io.cucumber.junit.CucumberSerenityRunner.runChild(CucumberSerenityRunner.java:259)\r\n\tat io.cucumber.junit.CucumberSerenityRunner.runChild(CucumberSerenityRunner.java:59)\r\n\tat org.junit.runners.ParentRunner$4.run(ParentRunner.java:331)\r\n\tat org.junit.runners.ParentRunner$1.schedule(ParentRunner.java:79)\r\n\tat org.junit.runners.ParentRunner.runChildren(ParentRunner.java:329)\r\n\tat org.junit.runners.ParentRunner.access$100(ParentRunner.java:66)\r\n\tat org.junit.runners.ParentRunner$2.evaluate(ParentRunner.java:293)\r\n\tat io.cucumber.junit.CucumberSerenityRunner$RunCucumber.evaluate(CucumberSerenityRunner.java:288)\r\n\tat org.junit.runners.ParentRunner$3.evaluate(ParentRunner.java:306)\r\n\tat org.junit.runners.ParentRunner.run(ParentRunner.java:413)\r\n\tat org.apache.maven.surefire.junit4.JUnit4Provider.execute(JUnit4Provider.java:367)\r\n\tat org.apache.maven.surefire.junit4.JUnit4Provider.executeWithRerun(JUnit4Provider.java:274)\r\n\tat org.apache.maven.surefire.junit4.JUnit4Provider.executeTestSet(JUnit4Provider.java:238)\r\n\tat org.apache.maven.surefire.junit4.JUnit4Provider.invoke(JUnit4Provider.java:161)\r\n\tat org.apache.maven.surefire.booter.ForkedBooter.invokeProviderInSameClassLoader(ForkedBooter.java:290)\r\n\tat org.apache.maven.surefire.booter.ForkedBooter.runSuitesInProcess(ForkedBooter.java:242)\r\n\tat org.apache.maven.surefire.booter.ForkedBooter.main(ForkedBooter.java:121)\r\n","duration":31507956300,"status":"failed"},"line":13,"name":"I see my selected items","match":{"location":"metro.assessment.steps.MyCartSteps.clickOnMenu()"},"keyword":"Then "},{"result":{"duration":2996400,"status":"skipped"},"line":14,"name":"I remove 1 items from the list","match":{"arguments":[{"val":"1","offset":9}],"location":"metro.assessment.steps.MyCartSteps.removeItems(int)"},"keyword":"When "},{"result":{"duration":2996800,"status":"skipped"},"line":15,"name":"I see 1 items in my cart","match":{"arguments":[{"val":"1","offset":6}],"location":"metro.assessment.steps.MyCartSteps.checkNrOfItems(int)"},"keyword":"Then "},{"result":{"duration":1990800,"status":"skipped"},"line":16,"name":"I remove 1 items from the list","match":{"arguments":[{"val":"1","offset":9}],"location":"metro.assessment.steps.MyCartSteps.removeItems(int)"},"keyword":"When "},{"result":{"duration":2995700,"status":"skipped"},"line":17,"name":"I see 0 items in my cart","match":{"arguments":[{"val":"0","offset":6}],"location":"metro.assessment.steps.MyCartSteps.checkNrOfItems(int)"},"keyword":"Then "}],"tags":[{"name":"@test"}]}],"name":"Add to cart functionality","description":"","id":"add-to-cart-functionality","keyword":"Feature","uri":"file:src/test/java/metro/assessment/cucumber/features/orderProducts.feature","tags":[]}]